<?xml version="1.0" encoding="UTF-8"?>
<robot generator="Robot 7.2 (Python 3.12.8 on win32)" generated="2025-02-03T18:09:54.393975" rpa="false" schemaversion="5">
<suite id="s1" name="Login Steps" source="C:\Users\verad\OneDrive\Área de Trabalho\Teste-robot\test\login_steps.robot">
<test id="s1-t1" name="Successful Login" line="12">
<kw name="Open Browser" owner="SeleniumLibrary" type="SETUP">
<msg time="2025-02-03T18:09:55.752909" level="INFO">Opening browser 'chrome' to base url 'None'.</msg>
<arg>browser=chrome</arg>
<doc>Opens a new browser instance to the optional ``url``.</doc>
<status status="PASS" start="2025-02-03T18:09:55.751536" elapsed="5.453963"/>
</kw>
<kw name="I navigate to the login page" owner="login_keywords">
<kw name="Go To" owner="SeleniumLibrary">
<msg time="2025-02-03T18:10:01.210944" level="INFO">Opening url 'https://www.saucedemo.com/'</msg>
<arg>${URL}</arg>
<doc>Navigates the current browser window to the provided ``url``.</doc>
<status status="PASS" start="2025-02-03T18:10:01.210944" elapsed="1.668163"/>
</kw>
<arg>${URL}</arg>
<status status="PASS" start="2025-02-03T18:10:01.208331" elapsed="1.670776"/>
</kw>
<kw name="I input correct Credentials" owner="login_keywords">
<kw name="Wait Until Element Is Visible" owner="SeleniumLibrary">
<arg>id=user-name</arg>
<doc>Waits until the element ``locator`` is visible.</doc>
<status status="PASS" start="2025-02-03T18:10:02.884044" elapsed="0.367927"/>
</kw>
<kw name="Input Text" owner="SeleniumLibrary">
<msg time="2025-02-03T18:10:03.252978" level="INFO">Typing text 'standard_user' into text field 'id=user-name'.</msg>
<arg>id=user-name</arg>
<arg>${LOGIN_DATA["correctData"]["username"]}</arg>
<doc>Types the given ``text`` into the text field identified by ``locator``.</doc>
<status status="PASS" start="2025-02-03T18:10:03.252978" elapsed="0.194893"/>
</kw>
<kw name="Input Text" owner="SeleniumLibrary">
<msg time="2025-02-03T18:10:03.448880" level="INFO">Typing text 'secret_sauce' into text field 'id=password'.</msg>
<arg>id=password</arg>
<arg>${LOGIN_DATA["correctData"]["password"]}</arg>
<doc>Types the given ``text`` into the text field identified by ``locator``.</doc>
<status status="PASS" start="2025-02-03T18:10:03.447871" elapsed="0.193449"/>
</kw>
<status status="PASS" start="2025-02-03T18:10:02.881614" elapsed="0.760889"/>
</kw>
<kw name="I click on the login button" owner="login_keywords">
<kw name="Click Button" owner="SeleniumLibrary">
<msg time="2025-02-03T18:10:03.664952" level="INFO">Clicking button 'id=login-button'.</msg>
<arg>id=login-button</arg>
<doc>Clicks the button identified by ``locator``.</doc>
<status status="PASS" start="2025-02-03T18:10:03.660831" elapsed="0.300244"/>
</kw>
<status status="PASS" start="2025-02-03T18:10:03.660831" elapsed="0.300244"/>
</kw>
<kw name="Get Location" owner="SeleniumLibrary">
<msg time="2025-02-03T18:10:03.980629" level="INFO">${location} = https://www.saucedemo.com/inventory.html</msg>
<var>${location}</var>
<doc>Returns the current browser window URL.</doc>
<status status="PASS" start="2025-02-03T18:10:03.967212" elapsed="0.013417"/>
</kw>
<kw name="Should Be Equal" owner="BuiltIn">
<arg>${location}</arg>
<arg>https://www.saucedemo.com/inventory.html</arg>
<doc>Fails if the given objects are unequal.</doc>
<status status="PASS" start="2025-02-03T18:10:03.980629" elapsed="0.000000"/>
</kw>
<kw name="I am able view the home page" owner="login_keywords">
<kw name="Get Location" owner="SeleniumLibrary">
<msg time="2025-02-03T18:10:04.010090" level="INFO">${location} = https://www.saucedemo.com/inventory.html</msg>
<var>${location}</var>
<doc>Returns the current browser window URL.</doc>
<status status="PASS" start="2025-02-03T18:10:03.980629" elapsed="0.029461"/>
</kw>
<kw name="Should Be Equal" owner="BuiltIn">
<arg>${location}</arg>
<arg>https://www.saucedemo.com/inventory.html</arg>
<doc>Fails if the given objects are unequal.</doc>
<status status="PASS" start="2025-02-03T18:10:04.010090" elapsed="0.000000"/>
</kw>
<status status="PASS" start="2025-02-03T18:10:03.980629" elapsed="0.029461"/>
</kw>
<kw name="Close Browser" owner="SeleniumLibrary">
<doc>Closes the current browser.</doc>
<status status="PASS" start="2025-02-03T18:10:04.031778" elapsed="2.674614"/>
</kw>
<status status="PASS" start="2025-02-03T18:09:55.747449" elapsed="10.958943"/>
</test>
<test id="s1-t2" name="Unsuccessful Login - No Credentials" line="21">
<kw name="Open Browser" owner="SeleniumLibrary" type="SETUP">
<msg time="2025-02-03T18:10:06.711329" level="INFO">Opening browser 'chrome' to base url 'None'.</msg>
<arg>browser=chrome</arg>
<doc>Opens a new browser instance to the optional ``url``.</doc>
<status status="PASS" start="2025-02-03T18:10:06.711329" elapsed="2.589393"/>
</kw>
<kw name="I navigate to the login page" owner="login_keywords">
<kw name="Go To" owner="SeleniumLibrary">
<msg time="2025-02-03T18:10:09.331384" level="INFO">Opening url 'https://www.saucedemo.com/'</msg>
<arg>${URL}</arg>
<doc>Navigates the current browser window to the provided ``url``.</doc>
<status status="PASS" start="2025-02-03T18:10:09.331384" elapsed="1.476687"/>
</kw>
<arg>${URL}</arg>
<status status="PASS" start="2025-02-03T18:10:09.326819" elapsed="1.481252"/>
</kw>
<kw name="I input no credentials" owner="login_keywords">
<kw name="Wait Until Element Is Visible" owner="SeleniumLibrary">
<arg>id=user-name</arg>
<doc>Waits until the element ``locator`` is visible.</doc>
<status status="PASS" start="2025-02-03T18:10:10.813922" elapsed="0.115957"/>
</kw>
<status status="PASS" start="2025-02-03T18:10:10.813922" elapsed="0.115957"/>
</kw>
<kw name="I click on the login button" owner="login_keywords">
<kw name="Click Button" owner="SeleniumLibrary">
<msg time="2025-02-03T18:10:10.943130" level="INFO">Clicking button 'id=login-button'.</msg>
<arg>id=login-button</arg>
<doc>Clicks the button identified by ``locator``.</doc>
<status status="PASS" start="2025-02-03T18:10:10.943130" elapsed="0.217428"/>
</kw>
<status status="PASS" start="2025-02-03T18:10:10.943130" elapsed="0.217428"/>
</kw>
<kw name="I am able to see the expected error message for no credentials" owner="login_keywords">
<kw name="Wait Until Element Contains" owner="SeleniumLibrary">
<arg>class=error-message-container</arg>
<arg>${ERROR_MESSAGES["noCredentials"]}</arg>
<doc>Waits until the element ``locator`` contains ``text``.</doc>
<status status="PASS" start="2025-02-03T18:10:11.168542" elapsed="0.048298"/>
</kw>
<status status="PASS" start="2025-02-03T18:10:11.168542" elapsed="0.048298"/>
</kw>
<kw name="Close Browser" owner="SeleniumLibrary">
<doc>Closes the current browser.</doc>
<status status="PASS" start="2025-02-03T18:10:11.217992" elapsed="3.237074"/>
</kw>
<status status="PASS" start="2025-02-03T18:10:06.709819" elapsed="7.745851"/>
</test>
<test id="s1-t3" name="Unsuccessful Login - No Username" line="29">
<kw name="Open Browser" owner="SeleniumLibrary" type="SETUP">
<msg time="2025-02-03T18:10:14.458174" level="INFO">Opening browser 'chrome' to base url 'None'.</msg>
<arg>browser=chrome</arg>
<doc>Opens a new browser instance to the optional ``url``.</doc>
<status status="PASS" start="2025-02-03T18:10:14.458174" elapsed="2.585535"/>
</kw>
<kw name="I navigate to the login page" owner="login_keywords">
<kw name="Go To" owner="SeleniumLibrary">
<msg time="2025-02-03T18:10:17.047441" level="INFO">Opening url 'https://www.saucedemo.com/'</msg>
<arg>${URL}</arg>
<doc>Navigates the current browser window to the provided ``url``.</doc>
<status status="PASS" start="2025-02-03T18:10:17.047441" elapsed="1.833447"/>
</kw>
<arg>${URL}</arg>
<status status="PASS" start="2025-02-03T18:10:17.047441" elapsed="1.833447"/>
</kw>
<kw name="I input only the password" owner="login_keywords">
<kw name="Wait Until Element Is Visible" owner="SeleniumLibrary">
<arg>id=user-name</arg>
<doc>Waits until the element ``locator`` is visible.</doc>
<status status="PASS" start="2025-02-03T18:10:18.883565" elapsed="0.101814"/>
</kw>
<kw name="Input Text" owner="SeleniumLibrary">
<msg time="2025-02-03T18:10:18.987394" level="INFO">Typing text 'secret_sauce' into text field 'id=password'.</msg>
<arg>id=password</arg>
<arg>${LOGIN_DATA["correctData"]["password"]}</arg>
<doc>Types the given ``text`` into the text field identified by ``locator``.</doc>
<status status="PASS" start="2025-02-03T18:10:18.985379" elapsed="0.359117"/>
</kw>
<status status="PASS" start="2025-02-03T18:10:18.880888" elapsed="0.463608"/>
</kw>
<kw name="I click on the login button" owner="login_keywords">
<kw name="Click Button" owner="SeleniumLibrary">
<msg time="2025-02-03T18:10:19.347067" level="INFO">Clicking button 'id=login-button'.</msg>
<arg>id=login-button</arg>
<doc>Clicks the button identified by ``locator``.</doc>
<status status="PASS" start="2025-02-03T18:10:19.347067" elapsed="0.162726"/>
</kw>
<status status="PASS" start="2025-02-03T18:10:19.345997" elapsed="0.164999"/>
</kw>
<kw name="I am able to see the expected error message for no username" owner="login_keywords">
<kw name="Wait Until Element Contains" owner="SeleniumLibrary">
<arg>class=error-message-container</arg>
<arg>${ERROR_MESSAGES["noUsername"]}</arg>
<doc>Waits until the element ``locator`` contains ``text``.</doc>
<status status="PASS" start="2025-02-03T18:10:19.512256" elapsed="0.064253"/>
</kw>
<status status="PASS" start="2025-02-03T18:10:19.510996" elapsed="0.065513"/>
</kw>
<kw name="Close Browser" owner="SeleniumLibrary">
<doc>Closes the current browser.</doc>
<status status="PASS" start="2025-02-03T18:10:19.576509" elapsed="3.321009"/>
</kw>
<status status="PASS" start="2025-02-03T18:10:14.458174" elapsed="8.439344"/>
</test>
<test id="s1-t4" name="Unsuccessful Login - No Password" line="37">
<kw name="Open Browser" owner="SeleniumLibrary" type="SETUP">
<msg time="2025-02-03T18:10:22.901071" level="INFO">Opening browser 'chrome' to base url 'None'.</msg>
<arg>browser=chrome</arg>
<doc>Opens a new browser instance to the optional ``url``.</doc>
<status status="PASS" start="2025-02-03T18:10:22.901071" elapsed="2.228858"/>
</kw>
<kw name="I navigate to the login page" owner="login_keywords">
<kw name="Go To" owner="SeleniumLibrary">
<msg time="2025-02-03T18:10:25.132914" level="INFO">Opening url 'https://www.saucedemo.com/'</msg>
<arg>${URL}</arg>
<doc>Navigates the current browser window to the provided ``url``.</doc>
<status status="PASS" start="2025-02-03T18:10:25.132914" elapsed="0.651123"/>
</kw>
<arg>${URL}</arg>
<status status="PASS" start="2025-02-03T18:10:25.129929" elapsed="0.654108"/>
</kw>
<kw name="I input only the username" owner="login_keywords">
<kw name="Wait Until Element Is Visible" owner="SeleniumLibrary">
<arg>id=user-name</arg>
<doc>Waits until the element ``locator`` is visible.</doc>
<status status="PASS" start="2025-02-03T18:10:25.794352" elapsed="0.039892"/>
</kw>
<kw name="Input Text" owner="SeleniumLibrary">
<msg time="2025-02-03T18:10:25.837168" level="INFO">Typing text 'standard_user' into text field 'id=user-name'.</msg>
<arg>id=user-name</arg>
<arg>${LOGIN_DATA["correctData"]["username"]}</arg>
<doc>Types the given ``text`` into the text field identified by ``locator``.</doc>
<status status="PASS" start="2025-02-03T18:10:25.834244" elapsed="0.222304"/>
</kw>
<status status="PASS" start="2025-02-03T18:10:25.792941" elapsed="0.264756"/>
</kw>
<kw name="I click on the login button" owner="login_keywords">
<kw name="Click Button" owner="SeleniumLibrary">
<msg time="2025-02-03T18:10:26.066822" level="INFO">Clicking button 'id=login-button'.</msg>
<arg>id=login-button</arg>
<doc>Clicks the button identified by ``locator``.</doc>
<status status="PASS" start="2025-02-03T18:10:26.065302" elapsed="0.174223"/>
</kw>
<status status="PASS" start="2025-02-03T18:10:26.065302" elapsed="0.175832"/>
</kw>
<kw name="I am able to see the expected error message for no password" owner="login_keywords">
<kw name="Wait Until Element Contains" owner="SeleniumLibrary">
<arg>class=error-message-container</arg>
<arg>${ERROR_MESSAGES["noPassword"]}</arg>
<doc>Waits until the element ``locator`` contains ``text``.</doc>
<status status="PASS" start="2025-02-03T18:10:26.242356" elapsed="0.036914"/>
</kw>
<status status="PASS" start="2025-02-03T18:10:26.241134" elapsed="0.038136"/>
</kw>
<kw name="Close Browser" owner="SeleniumLibrary">
<doc>Closes the current browser.</doc>
<status status="PASS" start="2025-02-03T18:10:26.279270" elapsed="5.170131"/>
</kw>
<status status="PASS" start="2025-02-03T18:10:22.898816" elapsed="8.550585"/>
</test>
<test id="s1-t5" name="Unsuccessful Login - Wrong Credentials" line="44">
<kw name="Open Browser" owner="SeleniumLibrary" type="SETUP">
<msg time="2025-02-03T18:10:31.452825" level="INFO">Opening browser 'chrome' to base url 'None'.</msg>
<arg>browser=chrome</arg>
<doc>Opens a new browser instance to the optional ``url``.</doc>
<status status="PASS" start="2025-02-03T18:10:31.452825" elapsed="1.843120"/>
</kw>
<kw name="I navigate to the login page" owner="login_keywords">
<kw name="Go To" owner="SeleniumLibrary">
<msg time="2025-02-03T18:10:33.299957" level="INFO">Opening url 'https://www.saucedemo.com/'</msg>
<arg>${URL}</arg>
<doc>Navigates the current browser window to the provided ``url``.</doc>
<status status="PASS" start="2025-02-03T18:10:33.295945" elapsed="0.734226"/>
</kw>
<arg>${URL}</arg>
<status status="PASS" start="2025-02-03T18:10:33.295945" elapsed="0.734226"/>
</kw>
<kw name="I input wrong Credentials" owner="login_keywords">
<kw name="Wait Until Element Is Visible" owner="SeleniumLibrary">
<arg>id=user-name</arg>
<doc>Waits until the element ``locator`` is visible.</doc>
<status status="PASS" start="2025-02-03T18:10:34.031327" elapsed="0.063211"/>
</kw>
<kw name="Input Text" owner="SeleniumLibrary">
<msg time="2025-02-03T18:10:34.095547" level="INFO">Typing text 'Gabe' into text field 'id=user-name'.</msg>
<arg>id=user-name</arg>
<arg>${LOGIN_DATA["wrongData"]["username"]}</arg>
<doc>Types the given ``text`` into the text field identified by ``locator``.</doc>
<status status="PASS" start="2025-02-03T18:10:34.094538" elapsed="0.209036"/>
</kw>
<kw name="Input Text" owner="SeleniumLibrary">
<msg time="2025-02-03T18:10:34.305711" level="INFO">Typing text '1234' into text field 'id=password'.</msg>
<arg>id=password</arg>
<arg>${LOGIN_DATA["wrongData"]["password"]}</arg>
<doc>Types the given ``text`` into the text field identified by ``locator``.</doc>
<status status="PASS" start="2025-02-03T18:10:34.303574" elapsed="0.156446"/>
</kw>
<status status="PASS" start="2025-02-03T18:10:34.030171" elapsed="0.429849"/>
</kw>
<kw name="I click on the login button" owner="login_keywords">
<kw name="Click Button" owner="SeleniumLibrary">
<msg time="2025-02-03T18:10:34.460020" level="INFO">Clicking button 'id=login-button'.</msg>
<arg>id=login-button</arg>
<doc>Clicks the button identified by ``locator``.</doc>
<status status="PASS" start="2025-02-03T18:10:34.460020" elapsed="0.162173"/>
</kw>
<status status="PASS" start="2025-02-03T18:10:34.460020" elapsed="0.162173"/>
</kw>
<kw name="I am able to see the expected error message for wrong credentials" owner="login_keywords">
<kw name="Wait Until Element Contains" owner="SeleniumLibrary">
<arg>class=error-message-container</arg>
<arg>${ERROR_MESSAGES["wrongCredentials"]}</arg>
<doc>Waits until the element ``locator`` contains ``text``.</doc>
<status status="PASS" start="2025-02-03T18:10:34.623200" elapsed="0.062592"/>
</kw>
<status status="PASS" start="2025-02-03T18:10:34.622193" elapsed="0.063599"/>
</kw>
<kw name="Close Browser" owner="SeleniumLibrary">
<doc>Closes the current browser.</doc>
<status status="PASS" start="2025-02-03T18:10:34.688948" elapsed="2.465339"/>
</kw>
<status status="PASS" start="2025-02-03T18:10:31.451770" elapsed="5.703023"/>
</test>
<status status="PASS" start="2025-02-03T18:09:54.394990" elapsed="42.760819"/>
</suite>
<statistics>
<total>
<stat pass="5" fail="0" skip="0">All Tests</stat>
</total>
<tag>
</tag>
<suite>
<stat name="Login Steps" id="s1" pass="5" fail="0" skip="0">Login Steps</stat>
</suite>
</statistics>
<errors>
</errors>
</robot>
